mode: set
ai-rss-reader/internal/opml/opml.go:14.50,42.26 6 1
ai-rss-reader/internal/opml/opml.go:42.26,44.26 2 1
ai-rss-reader/internal/opml/opml.go:44.26,46.4 1 1
ai-rss-reader/internal/opml/opml.go:47.3,53.5 1 1
ai-rss-reader/internal/opml/opml.go:56.2,60.40 5 1
ai-rss-reader/internal/opml/opml.go:60.40,62.3 1 0
ai-rss-reader/internal/opml/opml.go:63.2,63.25 1 1
ai-rss-reader/internal/opml/opml.go:68.44,70.16 2 1
ai-rss-reader/internal/opml/opml.go:70.16,72.3 1 0
ai-rss-reader/internal/opml/opml.go:74.2,99.45 8 1
ai-rss-reader/internal/opml/opml.go:99.45,101.3 1 1
ai-rss-reader/internal/opml/opml.go:103.2,105.37 3 1
ai-rss-reader/internal/opml/opml.go:105.37,106.30 1 1
ai-rss-reader/internal/opml/opml.go:106.30,107.22 1 1
ai-rss-reader/internal/opml/opml.go:107.22,109.5 1 1
ai-rss-reader/internal/opml/opml.go:110.4,110.26 1 1
ai-rss-reader/internal/opml/opml.go:110.26,112.5 1 1
ai-rss-reader/internal/opml/opml.go:115.2,117.18 2 1
ai-rss-reader/internal/repository/sqlite/article_repository.go:14.48,16.2 1 0
ai-rss-reader/internal/repository/sqlite/article_repository.go:18.67,20.18 2 0
ai-rss-reader/internal/repository/sqlite/article_repository.go:20.18,22.3 1 0
ai-rss-reader/internal/repository/sqlite/article_repository.go:23.2,29.16 2 0
ai-rss-reader/internal/repository/sqlite/article_repository.go:29.16,31.3 1 0
ai-rss-reader/internal/repository/sqlite/article_repository.go:32.2,36.12 4 0
ai-rss-reader/internal/repository/sqlite/article_repository.go:39.100,40.16 1 0
ai-rss-reader/internal/repository/sqlite/article_repository.go:40.16,42.3 1 0
ai-rss-reader/internal/repository/sqlite/article_repository.go:43.2,48.16 2 0
ai-rss-reader/internal/repository/sqlite/article_repository.go:48.16,50.3 1 0
ai-rss-reader/internal/repository/sqlite/article_repository.go:51.2,53.29 2 0
ai-rss-reader/internal/repository/sqlite/article_repository.go:56.100,57.16 1 0
ai-rss-reader/internal/repository/sqlite/article_repository.go:57.16,59.3 1 0
ai-rss-reader/internal/repository/sqlite/article_repository.go:60.2,61.20 2 0
ai-rss-reader/internal/repository/sqlite/article_repository.go:62.18,63.36 1 0
ai-rss-reader/internal/repository/sqlite/article_repository.go:64.15,65.33 1 0
ai-rss-reader/internal/repository/sqlite/article_repository.go:66.16,67.38 1 0
ai-rss-reader/internal/repository/sqlite/article_repository.go:68.18,69.40 1 0
ai-rss-reader/internal/repository/sqlite/article_repository.go:70.18,71.40 1 0
ai-rss-reader/internal/repository/sqlite/article_repository.go:72.17,73.39 1 0
ai-rss-reader/internal/repository/sqlite/article_repository.go:75.2,78.16 3 0
ai-rss-reader/internal/repository/sqlite/article_repository.go:78.16,80.3 1 0
ai-rss-reader/internal/repository/sqlite/article_repository.go:81.2,83.29 2 0
ai-rss-reader/internal/repository/sqlite/article_repository.go:86.69,88.2 1 0
ai-rss-reader/internal/repository/sqlite/article_repository.go:90.66,92.2 1 0
ai-rss-reader/internal/repository/sqlite/article_repository.go:94.72,106.16 7 0
ai-rss-reader/internal/repository/sqlite/article_repository.go:106.16,108.3 1 0
ai-rss-reader/internal/repository/sqlite/article_repository.go:109.2,109.21 1 0
ai-rss-reader/internal/repository/sqlite/article_repository.go:109.21,111.3 1 0
ai-rss-reader/internal/repository/sqlite/article_repository.go:112.2,112.21 1 0
ai-rss-reader/internal/repository/sqlite/article_repository.go:112.21,114.3 1 0
ai-rss-reader/internal/repository/sqlite/article_repository.go:115.2,115.19 1 0
ai-rss-reader/internal/repository/sqlite/article_repository.go:115.19,117.3 1 0
ai-rss-reader/internal/repository/sqlite/article_repository.go:118.2,119.16 2 0
ai-rss-reader/internal/repository/sqlite/article_repository.go:122.77,123.19 1 0
ai-rss-reader/internal/repository/sqlite/article_repository.go:123.19,125.3 1 0
ai-rss-reader/internal/repository/sqlite/article_repository.go:127.2,129.25 3 0
ai-rss-reader/internal/repository/sqlite/article_repository.go:129.25,130.12 1 0
ai-rss-reader/internal/repository/sqlite/article_repository.go:130.12,132.4 1 0
ai-rss-reader/internal/repository/sqlite/article_repository.go:133.3,134.15 2 0
ai-rss-reader/internal/repository/sqlite/article_repository.go:136.2,140.16 3 0
ai-rss-reader/internal/repository/sqlite/article_repository.go:140.16,142.3 1 0
ai-rss-reader/internal/repository/sqlite/article_repository.go:143.2,144.29 2 0
ai-rss-reader/internal/repository/sqlite/article_repository.go:147.67,153.2 2 0
ai-rss-reader/internal/repository/sqlite/article_repository.go:155.72,158.2 2 0
ai-rss-reader/internal/repository/sqlite/article_repository.go:160.66,163.2 2 0
ai-rss-reader/internal/repository/sqlite/article_repository.go:165.70,168.2 2 0
ai-rss-reader/internal/repository/sqlite/article_repository.go:170.82,172.2 1 0
ai-rss-reader/internal/repository/sqlite/article_repository.go:174.52,176.16 2 0
ai-rss-reader/internal/repository/sqlite/article_repository.go:176.16,178.3 1 0
ai-rss-reader/internal/repository/sqlite/article_repository.go:179.2,180.12 2 0
ai-rss-reader/internal/repository/sqlite/article_repository.go:184.83,189.16 2 0
ai-rss-reader/internal/repository/sqlite/article_repository.go:189.16,191.3 1 0
ai-rss-reader/internal/repository/sqlite/article_repository.go:192.2,194.29 2 0
ai-rss-reader/internal/repository/sqlite/article_repository.go:198.80,200.16 2 0
ai-rss-reader/internal/repository/sqlite/article_repository.go:200.16,202.3 1 0
ai-rss-reader/internal/repository/sqlite/article_repository.go:203.2,204.12 2 0
ai-rss-reader/internal/repository/sqlite/article_repository.go:208.75,211.2 2 0
ai-rss-reader/internal/repository/sqlite/article_repository.go:213.67,217.2 3 0
ai-rss-reader/internal/repository/sqlite/article_repository.go:219.87,220.16 1 0
ai-rss-reader/internal/repository/sqlite/article_repository.go:220.16,222.3 1 0
ai-rss-reader/internal/repository/sqlite/article_repository.go:224.2,232.16 2 0
ai-rss-reader/internal/repository/sqlite/article_repository.go:232.16,234.3 1 0
ai-rss-reader/internal/repository/sqlite/article_repository.go:235.2,236.29 2 0
ai-rss-reader/internal/repository/sqlite/article_repository.go:239.84,241.18 2 0
ai-rss-reader/internal/repository/sqlite/article_repository.go:241.18,247.17 6 0
ai-rss-reader/internal/repository/sqlite/article_repository.go:247.17,249.12 2 0
ai-rss-reader/internal/repository/sqlite/article_repository.go:251.3,251.22 1 0
ai-rss-reader/internal/repository/sqlite/article_repository.go:251.22,253.4 1 0
ai-rss-reader/internal/repository/sqlite/article_repository.go:254.3,254.22 1 0
ai-rss-reader/internal/repository/sqlite/article_repository.go:254.22,256.4 1 0
ai-rss-reader/internal/repository/sqlite/article_repository.go:257.3,257.21 1 0
ai-rss-reader/internal/repository/sqlite/article_repository.go:257.21,259.4 1 0
ai-rss-reader/internal/repository/sqlite/article_repository.go:260.3,260.20 1 0
ai-rss-reader/internal/repository/sqlite/article_repository.go:260.20,262.4 1 0
ai-rss-reader/internal/repository/sqlite/article_repository.go:263.3,264.33 2 0
ai-rss-reader/internal/repository/sqlite/article_repository.go:266.2,266.22 1 0
ai-rss-reader/internal/repository/sqlite/db.go:15.35,16.51 1 0
ai-rss-reader/internal/repository/sqlite/db.go:16.51,18.3 1 0
ai-rss-reader/internal/repository/sqlite/db.go:20.2,23.16 4 0
ai-rss-reader/internal/repository/sqlite/db.go:23.16,25.3 1 0
ai-rss-reader/internal/repository/sqlite/db.go:27.2,30.33 3 0
ai-rss-reader/internal/repository/sqlite/db.go:30.33,32.3 1 0
ai-rss-reader/internal/repository/sqlite/db.go:34.2,34.38 1 0
ai-rss-reader/internal/repository/sqlite/db.go:34.38,36.3 1 0
ai-rss-reader/internal/repository/sqlite/db.go:38.2,39.12 2 0
ai-rss-reader/internal/repository/sqlite/db.go:42.27,102.16 3 0
ai-rss-reader/internal/repository/sqlite/db.go:102.16,104.3 1 0
ai-rss-reader/internal/repository/sqlite/db.go:107.2,119.12 7 0
ai-rss-reader/internal/repository/sqlite/db.go:122.63,126.16 3 0
ai-rss-reader/internal/repository/sqlite/db.go:126.16,128.3 1 0
ai-rss-reader/internal/repository/sqlite/db.go:129.2,129.15 1 0
ai-rss-reader/internal/repository/sqlite/db.go:129.15,131.3 1 0
ai-rss-reader/internal/repository/sqlite/db.go:132.2,133.12 2 0
ai-rss-reader/internal/repository/sqlite/db.go:136.16,137.15 1 0
ai-rss-reader/internal/repository/sqlite/db.go:137.15,139.3 1 0
ai-rss-reader/internal/repository/sqlite/db.go:142.29,153.16 2 0
ai-rss-reader/internal/repository/sqlite/db.go:153.16,155.3 1 0
ai-rss-reader/internal/repository/sqlite/db.go:157.2,162.12 2 0
ai-rss-reader/internal/repository/sqlite/db.go:166.65,172.2 2 0
ai-rss-reader/internal/repository/sqlite/db.go:175.46,178.2 2 0
ai-rss-reader/internal/repository/sqlite/feed_repository.go:12.42,14.2 1 0
ai-rss-reader/internal/repository/sqlite/feed_repository.go:16.58,22.16 2 0
ai-rss-reader/internal/repository/sqlite/feed_repository.go:22.16,24.3 1 0
ai-rss-reader/internal/repository/sqlite/feed_repository.go:25.2,27.12 3 0
ai-rss-reader/internal/repository/sqlite/feed_repository.go:30.58,32.16 2 0
ai-rss-reader/internal/repository/sqlite/feed_repository.go:32.16,34.3 1 0
ai-rss-reader/internal/repository/sqlite/feed_repository.go:35.2,38.18 3 0
ai-rss-reader/internal/repository/sqlite/feed_repository.go:38.18,42.17 4 0
ai-rss-reader/internal/repository/sqlite/feed_repository.go:42.17,44.12 2 0
ai-rss-reader/internal/repository/sqlite/feed_repository.go:46.3,46.24 1 0
ai-rss-reader/internal/repository/sqlite/feed_repository.go:46.24,48.4 1 0
ai-rss-reader/internal/repository/sqlite/feed_repository.go:49.3,49.22 1 0
ai-rss-reader/internal/repository/sqlite/feed_repository.go:49.22,51.4 1 0
ai-rss-reader/internal/repository/sqlite/feed_repository.go:52.3,52.27 1 0
ai-rss-reader/internal/repository/sqlite/feed_repository.go:54.2,54.19 1 0
ai-rss-reader/internal/repository/sqlite/feed_repository.go:57.66,64.16 4 0
ai-rss-reader/internal/repository/sqlite/feed_repository.go:64.16,66.3 1 0
ai-rss-reader/internal/repository/sqlite/feed_repository.go:67.2,67.23 1 0
ai-rss-reader/internal/repository/sqlite/feed_repository.go:67.23,69.3 1 0
ai-rss-reader/internal/repository/sqlite/feed_repository.go:70.2,70.21 1 0
ai-rss-reader/internal/repository/sqlite/feed_repository.go:70.21,72.3 1 0
ai-rss-reader/internal/repository/sqlite/feed_repository.go:73.2,73.16 1 0
ai-rss-reader/internal/repository/sqlite/feed_repository.go:76.58,82.2 2 0
ai-rss-reader/internal/repository/sqlite/feed_repository.go:84.49,87.2 2 0
ai-rss-reader/internal/repository/sqlite/feed_repository.go:89.51,92.2 2 0
ai-rss-reader/internal/repository/sqlite/feed_repository.go:94.64,96.16 2 0
ai-rss-reader/internal/repository/sqlite/feed_repository.go:96.16,98.3 1 0
ai-rss-reader/internal/repository/sqlite/feed_repository.go:99.2,102.18 3 0
ai-rss-reader/internal/repository/sqlite/feed_repository.go:102.18,106.17 4 0
ai-rss-reader/internal/repository/sqlite/feed_repository.go:106.17,108.12 2 0
ai-rss-reader/internal/repository/sqlite/feed_repository.go:110.3,110.24 1 0
ai-rss-reader/internal/repository/sqlite/feed_repository.go:110.24,112.4 1 0
ai-rss-reader/internal/repository/sqlite/feed_repository.go:113.3,113.22 1 0
ai-rss-reader/internal/repository/sqlite/feed_repository.go:113.22,115.4 1 0
ai-rss-reader/internal/repository/sqlite/feed_repository.go:116.3,116.27 1 0
ai-rss-reader/internal/repository/sqlite/feed_repository.go:118.2,118.19 1 0
ai-rss-reader/internal/repository/sqlite/filter_rule_repository.go:9.54,11.2 1 0
ai-rss-reader/internal/repository/sqlite/filter_rule_repository.go:13.70,18.16 2 0
ai-rss-reader/internal/repository/sqlite/filter_rule_repository.go:18.16,20.3 1 0
ai-rss-reader/internal/repository/sqlite/filter_rule_repository.go:21.2,23.12 3 0
ai-rss-reader/internal/repository/sqlite/filter_rule_repository.go:26.70,28.16 2 0
ai-rss-reader/internal/repository/sqlite/filter_rule_repository.go:28.16,30.3 1 0
ai-rss-reader/internal/repository/sqlite/filter_rule_repository.go:31.2,34.18 3 0
ai-rss-reader/internal/repository/sqlite/filter_rule_repository.go:34.18,37.17 3 0
ai-rss-reader/internal/repository/sqlite/filter_rule_repository.go:37.17,38.12 1 0
ai-rss-reader/internal/repository/sqlite/filter_rule_repository.go:40.3,40.30 1 0
ai-rss-reader/internal/repository/sqlite/filter_rule_repository.go:42.2,42.19 1 0
ai-rss-reader/internal/repository/sqlite/filter_rule_repository.go:45.74,47.16 2 0
ai-rss-reader/internal/repository/sqlite/filter_rule_repository.go:47.16,49.3 1 0
ai-rss-reader/internal/repository/sqlite/filter_rule_repository.go:50.2,53.18 3 0
ai-rss-reader/internal/repository/sqlite/filter_rule_repository.go:53.18,56.17 3 0
ai-rss-reader/internal/repository/sqlite/filter_rule_repository.go:56.17,57.12 1 0
ai-rss-reader/internal/repository/sqlite/filter_rule_repository.go:59.3,59.30 1 0
ai-rss-reader/internal/repository/sqlite/filter_rule_repository.go:61.2,61.19 1 0
ai-rss-reader/internal/repository/sqlite/filter_rule_repository.go:64.70,70.2 2 0
ai-rss-reader/internal/repository/sqlite/filter_rule_repository.go:72.55,75.2 2 0
ai-rss-reader/internal/repository/sqlite/note_repository.go:10.42,12.2 1 0
ai-rss-reader/internal/repository/sqlite/note_repository.go:14.58,19.16 2 0
ai-rss-reader/internal/repository/sqlite/note_repository.go:19.16,21.3 1 0
ai-rss-reader/internal/repository/sqlite/note_repository.go:22.2,24.12 3 0
ai-rss-reader/internal/repository/sqlite/note_repository.go:27.58,29.16 2 0
ai-rss-reader/internal/repository/sqlite/note_repository.go:29.16,31.3 1 0
ai-rss-reader/internal/repository/sqlite/note_repository.go:32.2,35.18 3 0
ai-rss-reader/internal/repository/sqlite/note_repository.go:35.18,38.17 3 0
ai-rss-reader/internal/repository/sqlite/note_repository.go:38.17,40.12 2 0
ai-rss-reader/internal/repository/sqlite/note_repository.go:42.3,42.30 1 0
ai-rss-reader/internal/repository/sqlite/note_repository.go:44.2,44.19 1 0
ai-rss-reader/internal/repository/sqlite/note_repository.go:47.80,53.16 3 0
ai-rss-reader/internal/repository/sqlite/note_repository.go:53.16,55.3 1 0
ai-rss-reader/internal/repository/sqlite/note_repository.go:56.2,56.19 1 0
ai-rss-reader/internal/repository/sqlite/note_repository.go:59.49,62.2 2 0
ai-rss-reader/internal/repository/sqlite/note_repository.go:64.67,67.2 2 0
ai-rss-reader/internal/repository/sqlite/settings_repository.go:9.50,11.2 1 0
ai-rss-reader/internal/repository/sqlite/settings_repository.go:13.62,16.26 3 0
ai-rss-reader/internal/repository/sqlite/settings_repository.go:16.26,18.3 1 0
ai-rss-reader/internal/repository/sqlite/settings_repository.go:19.2,19.19 1 0
ai-rss-reader/internal/repository/sqlite/settings_repository.go:22.59,28.2 2 0
ai-rss-reader/internal/repository/sqlite/settings_repository.go:30.55,33.2 2 0
ai-rss-reader/internal/config/config.go:36.36,55.47 3 1
ai-rss-reader/internal/config/config.go:55.47,57.17 2 1
ai-rss-reader/internal/config/config.go:57.17,59.4 1 1
ai-rss-reader/internal/config/config.go:62.2,63.17 2 1
ai-rss-reader/internal/config/config.go:66.36,68.16 2 1
ai-rss-reader/internal/config/config.go:68.16,70.3 1 0
ai-rss-reader/internal/config/config.go:71.2,72.45 2 1
ai-rss-reader/internal/config/config.go:75.26,76.55 1 1
ai-rss-reader/internal/config/config.go:76.55,78.3 1 1
ai-rss-reader/internal/config/config.go:79.2,79.17 1 1
ai-rss-reader/internal/events/events.go:24.36,28.2 1 1
ai-rss-reader/internal/events/events.go:31.41,37.2 5 1
ai-rss-reader/internal/events/events.go:40.46,45.2 4 1
ai-rss-reader/internal/events/events.go:48.72,50.16 2 1
ai-rss-reader/internal/events/events.go:50.16,53.3 2 0
ai-rss-reader/internal/events/events.go:55.2,56.28 2 1
ai-rss-reader/internal/events/events.go:56.28,57.10 1 1
ai-rss-reader/internal/events/events.go:58.19,58.19 0 1
ai-rss-reader/internal/events/events.go:59.11,59.11 0 0
ai-rss-reader/internal/events/events.go:63.2,63.16 1 1
ai-rss-reader/internal/events/events.go:67.41,71.2 3 1
ai-rss-reader/internal/repository/note_fs.go:17.41,19.2 1 1
ai-rss-reader/internal/repository/note_fs.go:21.31,23.2 1 1
ai-rss-reader/internal/repository/note_fs.go:25.86,28.52 3 1
ai-rss-reader/internal/repository/note_fs.go:28.52,30.3 1 0
ai-rss-reader/internal/repository/note_fs.go:32.2,37.45 4 1
ai-rss-reader/internal/repository/note_fs.go:37.45,40.3 2 0
ai-rss-reader/internal/repository/note_fs.go:42.2,43.70 2 1
ai-rss-reader/internal/repository/note_fs.go:43.70,45.3 1 0
ai-rss-reader/internal/repository/note_fs.go:47.2,47.22 1 1
ai-rss-reader/internal/repository/note_fs.go:50.60,52.16 2 1
ai-rss-reader/internal/repository/note_fs.go:52.16,54.3 1 0
ai-rss-reader/internal/repository/note_fs.go:55.2,55.26 1 1
ai-rss-reader/internal/repository/note_fs.go:58.52,60.2 1 1
ai-rss-reader/internal/repository/note_fs.go:62.48,64.88 2 1
ai-rss-reader/internal/repository/note_fs.go:64.88,65.17 1 1
ai-rss-reader/internal/repository/note_fs.go:65.17,67.4 1 0
ai-rss-reader/internal/repository/note_fs.go:68.3,68.54 1 1
ai-rss-reader/internal/repository/note_fs.go:68.54,70.4 1 1
ai-rss-reader/internal/repository/note_fs.go:71.3,71.13 1 1
ai-rss-reader/internal/repository/note_fs.go:73.2,73.19 1 1
ai-rss-reader/internal/repository/note_fs.go:76.77,89.2 12 1
ai-rss-reader/internal/repository/note_fs.go:91.36,98.20 6 1
ai-rss-reader/internal/repository/note_fs.go:98.20,100.3 1 1
ai-rss-reader/internal/repository/note_fs.go:101.2,101.13 1 1
ai-rss-reader/cmd/server/main.go:35.13,38.16 2 0
ai-rss-reader/cmd/server/main.go:38.16,40.3 1 0
ai-rss-reader/cmd/server/main.go:40.8,42.3 1 0
ai-rss-reader/cmd/server/main.go:45.2,46.16 2 0
ai-rss-reader/cmd/server/main.go:46.16,49.3 2 0
ai-rss-reader/cmd/server/main.go:50.2,53.47 2 0
ai-rss-reader/cmd/server/main.go:53.47,55.3 1 0
ai-rss-reader/cmd/server/main.go:58.2,64.43 6 0
ai-rss-reader/cmd/server/main.go:64.43,66.3 1 0
ai-rss-reader/cmd/server/main.go:69.2,130.16 37 0
ai-rss-reader/cmd/server/main.go:130.16,132.3 1 0
ai-rss-reader/cmd/server/main.go:134.2,140.12 2 0
ai-rss-reader/cmd/server/main.go:140.12,149.43 7 0
ai-rss-reader/cmd/server/main.go:149.43,151.4 1 0
ai-rss-reader/cmd/server/main.go:152.3,152.32 1 0
ai-rss-reader/cmd/server/main.go:156.2,156.51 1 0
ai-rss-reader/cmd/server/main.go:156.51,158.13 2 0
ai-rss-reader/cmd/server/main.go:158.13,163.23 4 0
ai-rss-reader/cmd/server/main.go:163.23,165.56 2 0
ai-rss-reader/cmd/server/main.go:165.56,167.14 2 0
ai-rss-reader/cmd/server/main.go:169.5,170.19 2 0
ai-rss-reader/cmd/server/main.go:170.19,172.14 2 0
ai-rss-reader/cmd/server/main.go:174.5,175.15 2 0
ai-rss-reader/cmd/server/main.go:175.15,177.6 1 0
ai-rss-reader/cmd/server/main.go:180.3,180.65 1 0
ai-rss-reader/cmd/server/main.go:183.2,184.76 2 0
ai-rss-reader/cmd/server/main.go:184.76,186.3 1 0
ai-rss-reader/cmd/server/main.go:191.53,192.71 1 1
ai-rss-reader/cmd/server/main.go:192.71,196.28 4 1
ai-rss-reader/cmd/server/main.go:196.28,199.4 2 1
ai-rss-reader/cmd/server/main.go:200.3,200.23 1 1
ai-rss-reader/cmd/server/main.go:204.66,208.2 3 1
ai-rss-reader/cmd/server/main.go:210.58,213.20 2 1
ai-rss-reader/cmd/server/main.go:213.20,215.3 1 1
ai-rss-reader/cmd/server/main.go:216.2,217.16 2 1
ai-rss-reader/cmd/server/main.go:217.16,219.3 1 1
ai-rss-reader/cmd/server/main.go:220.2,220.17 1 1
ai-rss-reader/cmd/server/main.go:223.65,225.20 2 1
ai-rss-reader/cmd/server/main.go:225.20,227.3 1 0
ai-rss-reader/cmd/server/main.go:228.2,229.16 2 1
ai-rss-reader/cmd/server/main.go:229.16,231.3 1 1
ai-rss-reader/cmd/server/main.go:232.2,232.17 1 1
ai-rss-reader/cmd/server/main.go:235.73,237.15 2 1
ai-rss-reader/cmd/server/main.go:237.15,239.3 1 1
ai-rss-reader/cmd/server/main.go:240.2,241.16 2 1
ai-rss-reader/cmd/server/main.go:241.16,243.3 1 1
ai-rss-reader/cmd/server/main.go:244.2,244.10 1 1
ai-rss-reader/cmd/server/main.go:247.75,248.56 1 1
ai-rss-reader/cmd/server/main.go:248.56,251.3 2 1
ai-rss-reader/cmd/server/main.go:252.2,253.42 2 1
ai-rss-reader/cmd/server/main.go:253.42,256.3 2 1
ai-rss-reader/cmd/server/main.go:257.2,257.13 1 1
ai-rss-reader/cmd/server/main.go:262.61,265.2 2 0
ai-rss-reader/cmd/server/main.go:267.60,269.27 2 0
ai-rss-reader/cmd/server/main.go:269.27,271.3 1 0
ai-rss-reader/cmd/server/main.go:272.2,273.16 2 0
ai-rss-reader/cmd/server/main.go:273.16,276.3 2 0
ai-rss-reader/cmd/server/main.go:277.2,277.40 1 0
ai-rss-reader/cmd/server/main.go:280.63,282.9 2 0
ai-rss-reader/cmd/server/main.go:282.9,285.3 2 0
ai-rss-reader/cmd/server/main.go:286.2,286.50 1 0
ai-rss-reader/cmd/server/main.go:286.50,289.3 2 0
ai-rss-reader/cmd/server/main.go:290.2,290.37 1 0
ai-rss-reader/cmd/server/main.go:293.63,295.9 2 0
ai-rss-reader/cmd/server/main.go:295.9,298.3 2 0
ai-rss-reader/cmd/server/main.go:299.2,302.27 2 0
ai-rss-reader/cmd/server/main.go:302.27,304.3 1 0
ai-rss-reader/cmd/server/main.go:305.2,306.16 2 0
ai-rss-reader/cmd/server/main.go:306.16,309.3 2 0
ai-rss-reader/cmd/server/main.go:310.2,311.52 2 0
ai-rss-reader/cmd/server/main.go:311.52,314.3 2 0
ai-rss-reader/cmd/server/main.go:315.2,315.35 1 0
ai-rss-reader/cmd/server/main.go:318.65,321.2 2 0
ai-rss-reader/cmd/server/main.go:323.67,325.9 2 0
ai-rss-reader/cmd/server/main.go:325.9,328.3 2 0
ai-rss-reader/cmd/server/main.go:329.2,329.50 1 0
ai-rss-reader/cmd/server/main.go:329.50,332.3 2 0
ai-rss-reader/cmd/server/main.go:333.2,333.37 1 0
ai-rss-reader/cmd/server/main.go:336.64,338.9 2 0
ai-rss-reader/cmd/server/main.go:338.9,341.3 2 0
ai-rss-reader/cmd/server/main.go:342.2,342.51 1 0
ai-rss-reader/cmd/server/main.go:342.51,345.3 2 0
ai-rss-reader/cmd/server/main.go:346.2,346.37 1 0
ai-rss-reader/cmd/server/main.go:349.68,350.53 1 0
ai-rss-reader/cmd/server/main.go:350.53,353.3 2 0
ai-rss-reader/cmd/server/main.go:354.2,355.16 2 0
ai-rss-reader/cmd/server/main.go:355.16,358.3 2 0
ai-rss-reader/cmd/server/main.go:360.2,362.12 2 0
ai-rss-reader/cmd/server/main.go:362.12,364.3 1 0
ai-rss-reader/cmd/server/main.go:365.2,365.37 1 0
ai-rss-reader/cmd/server/main.go:370.64,373.22 3 0
ai-rss-reader/cmd/server/main.go:373.22,375.3 1 0
ai-rss-reader/cmd/server/main.go:376.2,379.39 4 0
ai-rss-reader/cmd/server/main.go:382.67,384.13 2 0
ai-rss-reader/cmd/server/main.go:384.13,387.3 2 0
ai-rss-reader/cmd/server/main.go:388.2,389.16 2 0
ai-rss-reader/cmd/server/main.go:389.16,392.3 2 0
ai-rss-reader/cmd/server/main.go:393.2,393.39 1 0
ai-rss-reader/cmd/server/main.go:396.63,398.9 2 0
ai-rss-reader/cmd/server/main.go:398.9,401.3 2 0
ai-rss-reader/cmd/server/main.go:402.2,403.34 2 0
ai-rss-reader/cmd/server/main.go:403.34,406.3 2 0
ai-rss-reader/cmd/server/main.go:407.2,407.38 1 0
ai-rss-reader/cmd/server/main.go:410.67,412.9 2 0
ai-rss-reader/cmd/server/main.go:412.9,415.3 2 0
ai-rss-reader/cmd/server/main.go:416.2,417.16 2 0
ai-rss-reader/cmd/server/main.go:417.16,420.3 2 0
ai-rss-reader/cmd/server/main.go:421.2,421.20 1 0
ai-rss-reader/cmd/server/main.go:421.20,424.3 2 0
ai-rss-reader/cmd/server/main.go:425.2,425.38 1 0
ai-rss-reader/cmd/server/main.go:428.66,430.9 2 0
ai-rss-reader/cmd/server/main.go:430.9,433.3 2 0
ai-rss-reader/cmd/server/main.go:434.2,434.68 1 0
ai-rss-reader/cmd/server/main.go:434.68,437.3 2 0
ai-rss-reader/cmd/server/main.go:438.2,438.37 1 0
ai-rss-reader/cmd/server/main.go:441.66,443.9 2 0
ai-rss-reader/cmd/server/main.go:443.9,446.3 2 0
ai-rss-reader/cmd/server/main.go:447.2,447.68 1 0
ai-rss-reader/cmd/server/main.go:447.68,450.3 2 0
ai-rss-reader/cmd/server/main.go:451.2,451.37 1 0
ai-rss-reader/cmd/server/main.go:454.66,456.9 2 0
ai-rss-reader/cmd/server/main.go:456.9,459.3 2 0
ai-rss-reader/cmd/server/main.go:460.2,460.67 1 0
ai-rss-reader/cmd/server/main.go:460.67,463.3 2 0
ai-rss-reader/cmd/server/main.go:464.2,464.37 1 0
ai-rss-reader/cmd/server/main.go:467.68,469.9 2 0
ai-rss-reader/cmd/server/main.go:469.9,472.3 2 0
ai-rss-reader/cmd/server/main.go:473.2,474.16 2 0
ai-rss-reader/cmd/server/main.go:474.16,477.3 2 0
ai-rss-reader/cmd/server/main.go:478.2,478.68 1 0
ai-rss-reader/cmd/server/main.go:481.63,483.9 2 0
ai-rss-reader/cmd/server/main.go:483.9,486.3 2 0
ai-rss-reader/cmd/server/main.go:487.2,488.27 2 0
ai-rss-reader/cmd/server/main.go:488.27,490.3 1 0
ai-rss-reader/cmd/server/main.go:491.2,492.16 2 0
ai-rss-reader/cmd/server/main.go:492.16,495.3 2 0
ai-rss-reader/cmd/server/main.go:496.2,497.16 2 0
ai-rss-reader/cmd/server/main.go:497.16,500.3 2 0
ai-rss-reader/cmd/server/main.go:501.2,501.40 1 0
ai-rss-reader/cmd/server/main.go:504.66,506.9 2 0
ai-rss-reader/cmd/server/main.go:506.9,509.3 2 0
ai-rss-reader/cmd/server/main.go:510.2,511.16 2 0
ai-rss-reader/cmd/server/main.go:511.16,514.3 2 0
ai-rss-reader/cmd/server/main.go:515.2,516.16 2 0
ai-rss-reader/cmd/server/main.go:516.16,519.3 2 0
ai-rss-reader/cmd/server/main.go:520.2,520.64 1 0
ai-rss-reader/cmd/server/main.go:525.67,528.2 2 0
ai-rss-reader/cmd/server/main.go:530.66,536.27 2 0
ai-rss-reader/cmd/server/main.go:536.27,538.3 1 0
ai-rss-reader/cmd/server/main.go:539.2,539.79 1 0
ai-rss-reader/cmd/server/main.go:539.79,542.3 2 0
ai-rss-reader/cmd/server/main.go:543.2,543.35 1 0
ai-rss-reader/cmd/server/main.go:546.69,548.9 2 0
ai-rss-reader/cmd/server/main.go:548.9,551.3 2 0
ai-rss-reader/cmd/server/main.go:552.2,552.53 1 0
ai-rss-reader/cmd/server/main.go:552.53,555.3 2 0
ai-rss-reader/cmd/server/main.go:556.2,556.37 1 0
ai-rss-reader/cmd/server/main.go:561.61,564.2 2 0
ai-rss-reader/cmd/server/main.go:566.61,568.9 2 0
ai-rss-reader/cmd/server/main.go:568.9,571.3 2 0
ai-rss-reader/cmd/server/main.go:572.2,573.16 2 0
ai-rss-reader/cmd/server/main.go:573.16,576.3 2 0
ai-rss-reader/cmd/server/main.go:577.2,578.16 2 0
ai-rss-reader/cmd/server/main.go:578.16,581.3 2 0
ai-rss-reader/cmd/server/main.go:582.2,582.68 1 0
ai-rss-reader/cmd/server/main.go:585.63,587.9 2 0
ai-rss-reader/cmd/server/main.go:587.9,590.3 2 0
ai-rss-reader/cmd/server/main.go:591.2,591.51 1 0
ai-rss-reader/cmd/server/main.go:591.51,594.3 2 0
ai-rss-reader/cmd/server/main.go:595.2,595.37 1 0
ai-rss-reader/cmd/server/main.go:600.64,602.16 2 1
ai-rss-reader/cmd/server/main.go:602.16,604.3 1 1
ai-rss-reader/cmd/server/main.go:605.2,612.39 2 1
ai-rss-reader/cmd/server/main.go:615.65,623.27 2 1
ai-rss-reader/cmd/server/main.go:623.27,625.3 1 1
ai-rss-reader/cmd/server/main.go:626.2,627.16 2 0
ai-rss-reader/cmd/server/main.go:627.16,629.3 1 0
ai-rss-reader/cmd/server/main.go:630.2,637.47 2 0
ai-rss-reader/cmd/server/main.go:637.47,640.3 2 0
ai-rss-reader/cmd/server/main.go:641.2,642.37 2 0
ai-rss-reader/cmd/server/main.go:647.59,648.32 1 1
ai-rss-reader/cmd/server/main.go:648.32,651.3 2 1
ai-rss-reader/cmd/server/main.go:653.2,653.22 1 1
ai-rss-reader/cmd/server/main.go:653.22,657.3 3 1
ai-rss-reader/cmd/server/main.go:658.2,658.41 1 0
ai-rss-reader/cmd/server/main.go:658.41,662.3 3 0
ai-rss-reader/cmd/server/main.go:663.2,663.83 1 0
ai-rss-reader/cmd/server/main.go:668.63,669.32 1 1
ai-rss-reader/cmd/server/main.go:669.32,672.3 2 1
ai-rss-reader/cmd/server/main.go:673.2,674.16 2 0
ai-rss-reader/cmd/server/main.go:674.16,677.3 2 0
ai-rss-reader/cmd/server/main.go:678.2,679.16 2 0
ai-rss-reader/cmd/server/main.go:679.16,682.3 2 0
ai-rss-reader/cmd/server/main.go:683.2,686.15 4 0
ai-rss-reader/cmd/server/main.go:689.63,690.33 1 1
ai-rss-reader/cmd/server/main.go:690.33,693.3 2 1
ai-rss-reader/cmd/server/main.go:694.2,694.101 1 1
ai-rss-reader/cmd/server/main.go:694.101,697.3 2 1
ai-rss-reader/cmd/server/main.go:698.2,699.16 2 1
ai-rss-reader/cmd/server/main.go:699.16,702.3 2 0
ai-rss-reader/cmd/server/main.go:703.2,703.20 1 1
ai-rss-reader/cmd/server/main.go:703.20,706.3 2 1
ai-rss-reader/cmd/server/main.go:707.2,708.27 2 0
ai-rss-reader/cmd/server/main.go:708.27,710.17 2 0
ai-rss-reader/cmd/server/main.go:710.17,712.4 1 0
ai-rss-reader/cmd/server/main.go:714.2,714.84 1 0
ai-rss-reader/cmd/server/main.go:719.58,745.16 4 0
ai-rss-reader/cmd/server/main.go:745.16,748.3 2 0
ai-rss-reader/cmd/server/main.go:750.2,752.26 3 0
ai-rss-reader/cmd/server/main.go:752.26,770.3 3 0
ai-rss-reader/cmd/server/main.go:772.2,781.4 1 0
ai-rss-reader/cmd/server/main.go:786.59,788.18 2 0
ai-rss-reader/cmd/server/main.go:788.18,790.3 1 0
ai-rss-reader/cmd/server/main.go:792.2,793.16 2 0
ai-rss-reader/cmd/server/main.go:793.16,796.3 2 0
ai-rss-reader/cmd/server/main.go:797.2,797.24 1 0
ai-rss-reader/cmd/server/main.go:797.24,802.3 4 0
ai-rss-reader/cmd/server/main.go:804.2,804.26 1 0
ai-rss-reader/cmd/server/main.go:804.26,809.30 5 0
ai-rss-reader/cmd/server/main.go:809.30,812.23 3 0
ai-rss-reader/cmd/server/main.go:812.23,814.5 1 0
ai-rss-reader/cmd/server/main.go:815.4,815.23 1 0
ai-rss-reader/cmd/server/main.go:815.23,819.5 2 0
ai-rss-reader/cmd/server/main.go:820.4,820.30 1 0
ai-rss-reader/cmd/server/main.go:822.8,827.3 3 0
ai-rss-reader/cmd/server/main.go:831.36,834.25 3 1
ai-rss-reader/cmd/server/main.go:834.25,835.15 1 1
ai-rss-reader/cmd/server/main.go:835.15,837.4 1 1
ai-rss-reader/cmd/server/main.go:837.9,837.22 1 1
ai-rss-reader/cmd/server/main.go:837.22,839.4 1 1
ai-rss-reader/cmd/server/main.go:839.9,839.24 1 1
ai-rss-reader/cmd/server/main.go:839.24,841.4 1 1
ai-rss-reader/cmd/server/main.go:844.2,846.26 3 1
ai-rss-reader/cmd/server/main.go:846.26,848.14 2 1
ai-rss-reader/cmd/server/main.go:848.14,850.4 1 1
ai-rss-reader/cmd/server/main.go:852.2,852.34 1 1
ai-rss-reader/cmd/server/main.go:857.61,858.32 1 1
ai-rss-reader/cmd/server/main.go:858.32,861.3 2 1
ai-rss-reader/cmd/server/main.go:864.2,871.9 7 0
ai-rss-reader/cmd/server/main.go:871.9,874.3 2 0
ai-rss-reader/cmd/server/main.go:876.2,884.6 5 0
ai-rss-reader/cmd/server/main.go:884.6,885.10 1 0
ai-rss-reader/cmd/server/main.go:886.25,887.11 1 0
ai-rss-reader/cmd/server/main.go:887.11,889.5 1 0
ai-rss-reader/cmd/server/main.go:890.4,891.19 2 0
ai-rss-reader/cmd/server/main.go:892.29,893.10 1 0
ai-rss-reader/internal/service/filter_service.go:29.40,34.2 1 0
ai-rss-reader/internal/service/filter_service.go:36.71,45.2 2 0
ai-rss-reader/internal/service/filter_service.go:47.65,49.2 1 0
ai-rss-reader/internal/service/filter_service.go:51.67,53.2 1 0
ai-rss-reader/internal/service/filter_service.go:55.52,57.2 1 0
ai-rss-reader/internal/service/filter_service.go:59.78,61.16 2 0
ai-rss-reader/internal/service/filter_service.go:61.16,63.3 1 0
ai-rss-reader/internal/service/filter_service.go:65.2,65.21 1 0
ai-rss-reader/internal/service/filter_service.go:65.21,67.3 1 0
ai-rss-reader/internal/service/filter_service.go:69.2,69.29 1 0
ai-rss-reader/internal/service/filter_service.go:69.29,71.17 2 0
ai-rss-reader/internal/service/filter_service.go:71.17,72.12 1 0
ai-rss-reader/internal/service/filter_service.go:74.3,74.42 1 0
ai-rss-reader/internal/service/filter_service.go:74.42,76.4 1 0
ai-rss-reader/internal/service/filter_service.go:77.3,77.41 1 0
ai-rss-reader/internal/service/filter_service.go:77.41,79.4 1 0
ai-rss-reader/internal/service/filter_service.go:83.2,83.39 1 0
ai-rss-reader/internal/service/filter_service.go:86.102,87.19 1 1
ai-rss-reader/internal/service/filter_service.go:88.17,89.50 1 1
ai-rss-reader/internal/service/filter_service.go:90.16,91.49 1 1
ai-rss-reader/internal/service/filter_service.go:92.10,93.19 1 1
ai-rss-reader/internal/service/filter_service.go:97.84,101.2 3 1
ai-rss-reader/internal/service/filter_service.go:103.82,105.2 1 1
ai-rss-reader/internal/service/filter_service.go:107.104,110.29 2 0
ai-rss-reader/internal/service/filter_service.go:110.29,111.35 1 0
ai-rss-reader/internal/service/filter_service.go:111.35,113.4 1 0
ai-rss-reader/internal/service/filter_service.go:116.2,116.27 1 0
ai-rss-reader/internal/service/filter_service.go:116.27,118.3 1 0
ai-rss-reader/internal/service/filter_service.go:120.2,121.82 2 0
ai-rss-reader/internal/service/filter_service.go:124.51,126.41 2 0
ai-rss-reader/internal/service/filter_service.go:126.41,128.17 2 0
ai-rss-reader/internal/service/filter_service.go:128.17,130.4 1 0
ai-rss-reader/internal/service/filter_service.go:131.3,131.25 1 0
ai-rss-reader/internal/service/filter_service.go:131.25,132.9 1 0
ai-rss-reader/internal/service/filter_service.go:135.3,135.36 1 0
ai-rss-reader/internal/service/filter_service.go:135.36,137.18 2 0
ai-rss-reader/internal/service/filter_service.go:137.18,138.13 1 0
ai-rss-reader/internal/service/filter_service.go:140.4,140.54 1 0
ai-rss-reader/internal/service/filter_service.go:144.2,144.12 1 0
ai-rss-reader/internal/service/filter_service.go:149.47,150.76 1 1
ai-rss-reader/internal/service/filter_service.go:150.76,152.3 1 1
ai-rss-reader/internal/service/filter_service.go:154.2,157.19 4 1
ai-rss-reader/internal/service/filter_service.go:157.19,161.3 3 1
ai-rss-reader/internal/service/filter_service.go:163.2,163.30 1 1
ai-rss-reader/internal/service/filter_service.go:163.30,165.3 1 0
ai-rss-reader/internal/service/filter_service.go:166.2,166.56 1 1
ai-rss-reader/internal/service/filter_service.go:171.67,175.2 3 1
ai-rss-reader/internal/service/filter_service.go:178.35,180.32 2 1
ai-rss-reader/internal/service/filter_service.go:180.32,182.3 1 1
ai-rss-reader/internal/service/filter_service.go:183.2,183.17 1 1
ai-rss-reader/internal/service/filter_service.go:183.17,185.3 1 1
ai-rss-reader/internal/service/filter_service.go:186.2,186.19 1 1
ai-rss-reader/internal/service/filter_service.go:186.19,189.27 2 1
ai-rss-reader/internal/service/filter_service.go:189.27,190.28 1 1
ai-rss-reader/internal/service/filter_service.go:190.28,192.10 2 1
ai-rss-reader/internal/service/filter_service.go:196.3,196.31 1 1
ai-rss-reader/internal/service/filter_service.go:196.31,197.28 1 1
ai-rss-reader/internal/service/filter_service.go:197.28,199.10 2 1
ai-rss-reader/internal/service/filter_service.go:202.3,202.17 1 1
ai-rss-reader/internal/service/filter_service.go:202.17,204.4 1 1
ai-rss-reader/internal/service/filter_service.go:205.3,205.15 1 1
ai-rss-reader/internal/service/filter_service.go:208.2,208.11 1 1
ai-rss-reader/internal/service/filter_service.go:212.38,214.18 2 1
ai-rss-reader/internal/service/filter_service.go:214.18,216.3 1 1
ai-rss-reader/internal/service/filter_service.go:217.2,217.19 1 1
ai-rss-reader/internal/service/filter_service.go:217.19,219.3 1 1
ai-rss-reader/internal/service/filter_service.go:220.2,220.19 1 1
ai-rss-reader/internal/service/filter_service.go:220.19,222.3 1 1
ai-rss-reader/internal/service/filter_service.go:223.2,223.11 1 1
ai-rss-reader/internal/service/filter_service.go:230.118,233.37 2 1
ai-rss-reader/internal/service/filter_service.go:233.37,234.42 1 1
ai-rss-reader/internal/service/filter_service.go:234.42,237.34 3 1
ai-rss-reader/internal/service/filter_service.go:237.34,238.13 1 0
ai-rss-reader/internal/service/filter_service.go:241.4,242.18 2 1
ai-rss-reader/internal/service/filter_service.go:242.18,246.25 3 1
ai-rss-reader/internal/service/filter_service.go:246.25,248.6 1 1
ai-rss-reader/internal/service/filter_service.go:248.11,250.6 1 0
ai-rss-reader/internal/service/filter_service.go:254.2,254.17 1 1
ai-rss-reader/internal/service/filter_service.go:260.65,262.16 2 0
ai-rss-reader/internal/service/filter_service.go:262.16,264.3 1 0
ai-rss-reader/internal/service/filter_service.go:265.2,265.27 1 0
ai-rss-reader/internal/service/filter_service.go:265.27,267.3 1 0
ai-rss-reader/internal/service/filter_service.go:270.2,280.29 6 0
ai-rss-reader/internal/service/filter_service.go:280.29,281.22 1 0
ai-rss-reader/internal/service/filter_service.go:281.22,284.17 3 0
ai-rss-reader/internal/service/filter_service.go:284.17,284.26 1 0
ai-rss-reader/internal/service/filter_service.go:286.4,287.25 2 0
ai-rss-reader/internal/service/filter_service.go:287.25,289.5 1 0
ai-rss-reader/internal/service/filter_service.go:290.4,292.14 3 0
ai-rss-reader/internal/service/filter_service.go:295.2,301.27 5 0
ai-rss-reader/internal/service/filter_service.go:301.27,302.21 1 0
ai-rss-reader/internal/service/filter_service.go:302.21,304.4 1 0
ai-rss-reader/internal/service/filter_service.go:304.9,306.4 1 0
ai-rss-reader/internal/service/filter_service.go:308.2,308.19 1 0
ai-rss-reader/internal/service/filter_service.go:308.19,310.3 1 0
ai-rss-reader/internal/service/filter_service.go:313.2,313.34 1 0
ai-rss-reader/internal/service/filter_service.go:313.34,314.62 1 0
ai-rss-reader/internal/service/filter_service.go:314.62,316.4 1 0
ai-rss-reader/internal/service/filter_service.go:320.2,324.29 3 0
ai-rss-reader/internal/service/filter_service.go:324.29,326.21 2 0
ai-rss-reader/internal/service/filter_service.go:326.21,328.12 2 0
ai-rss-reader/internal/service/filter_service.go:330.3,332.17 3 0
ai-rss-reader/internal/service/filter_service.go:332.17,334.4 1 0
ai-rss-reader/internal/service/filter_service.go:334.9,336.4 1 0
ai-rss-reader/internal/service/filter_service.go:339.2,339.23 1 0
ai-rss-reader/internal/service/note_service.go:18.51,24.2 1 0
ai-rss-reader/internal/service/note_service.go:26.36,28.2 1 0
ai-rss-reader/internal/service/note_service.go:30.97,33.21 2 0
ai-rss-reader/internal/service/note_service.go:33.21,35.3 1 0
ai-rss-reader/internal/service/note_service.go:38.2,39.16 2 0
ai-rss-reader/internal/service/note_service.go:39.16,41.3 1 0
ai-rss-reader/internal/service/note_service.go:44.2,51.48 2 0
ai-rss-reader/internal/service/note_service.go:51.48,55.3 2 0
ai-rss-reader/internal/service/note_service.go:58.2,58.65 1 0
ai-rss-reader/internal/service/note_service.go:58.65,60.3 1 0
ai-rss-reader/internal/service/note_service.go:62.2,62.18 1 0
ai-rss-reader/internal/service/note_service.go:65.57,67.2 1 0
ai-rss-reader/internal/service/note_service.go:69.81,71.2 1 0
ai-rss-reader/internal/service/note_service.go:73.67,75.2 1 0
ai-rss-reader/internal/service/note_service.go:77.54,79.16 2 0
ai-rss-reader/internal/service/note_service.go:79.16,81.3 1 0
ai-rss-reader/internal/service/note_service.go:84.2,84.59 1 0
ai-rss-reader/internal/service/note_service.go:84.59,86.3 1 0
ai-rss-reader/internal/service/note_service.go:89.2,89.51 1 0
ai-rss-reader/internal/service/note_service.go:89.51,91.3 1 0
ai-rss-reader/internal/service/note_service.go:94.2,94.70 1 0
ai-rss-reader/internal/service/note_service.go:94.70,96.3 1 0
ai-rss-reader/internal/service/note_service.go:98.2,98.12 1 0
ai-rss-reader/internal/service/rss_service.go:24.34,31.2 1 0
ai-rss-reader/internal/service/rss_service.go:33.64,35.16 2 0
ai-rss-reader/internal/service/rss_service.go:35.16,37.3 1 0
ai-rss-reader/internal/service/rss_service.go:39.2,40.23 2 0
ai-rss-reader/internal/service/rss_service.go:40.23,42.3 1 0
ai-rss-reader/internal/service/rss_service.go:44.2,54.51 2 0
ai-rss-reader/internal/service/rss_service.go:54.51,56.3 1 0
ai-rss-reader/internal/service/rss_service.go:59.2,59.49 1 0
ai-rss-reader/internal/service/rss_service.go:59.49,61.3 1 0
ai-rss-reader/internal/service/rss_service.go:63.2,63.21 1 0
ai-rss-reader/internal/service/rss_service.go:66.61,68.16 2 0
ai-rss-reader/internal/service/rss_service.go:68.16,70.3 1 0
ai-rss-reader/internal/service/rss_service.go:72.2,72.38 1 0
ai-rss-reader/internal/service/rss_service.go:72.38,74.34 2 0
ai-rss-reader/internal/service/rss_service.go:74.34,76.4 1 0
ai-rss-reader/internal/service/rss_service.go:78.3,79.20 2 0
ai-rss-reader/internal/service/rss_service.go:79.20,81.4 1 0
ai-rss-reader/internal/service/rss_service.go:83.3,99.14 3 0
ai-rss-reader/internal/service/rss_service.go:99.14,100.56 1 0
ai-rss-reader/internal/service/rss_service.go:100.56,102.5 1 0
ai-rss-reader/internal/service/rss_service.go:106.2,109.12 3 0
ai-rss-reader/internal/service/rss_service.go:112.46,114.16 2 0
ai-rss-reader/internal/service/rss_service.go:114.16,116.3 1 0
ai-rss-reader/internal/service/rss_service.go:118.2,118.21 1 0
ai-rss-reader/internal/service/rss_service.go:118.21,120.3 1 0
ai-rss-reader/internal/service/rss_service.go:123.2,128.29 5 0
ai-rss-reader/internal/service/rss_service.go:128.29,130.26 2 0
ai-rss-reader/internal/service/rss_service.go:130.26,133.17 3 0
ai-rss-reader/internal/service/rss_service.go:133.17,133.26 1 0
ai-rss-reader/internal/service/rss_service.go:135.4,135.55 1 0
ai-rss-reader/internal/service/rss_service.go:135.55,139.5 3 0
ai-rss-reader/internal/service/rss_service.go:143.2,145.19 2 0
ai-rss-reader/internal/service/rss_service.go:145.19,147.3 1 0
ai-rss-reader/internal/service/rss_service.go:148.2,148.12 1 0
ai-rss-reader/internal/service/rss_service.go:151.63,155.16 3 0
ai-rss-reader/internal/service/rss_service.go:155.16,157.3 1 0
ai-rss-reader/internal/service/rss_service.go:159.2,160.34 2 0
ai-rss-reader/internal/service/rss_service.go:160.34,162.17 2 0
ai-rss-reader/internal/service/rss_service.go:162.17,164.4 1 0
ai-rss-reader/internal/service/rss_service.go:165.3,168.26 2 0
ai-rss-reader/internal/service/rss_service.go:168.26,171.4 2 0
ai-rss-reader/internal/service/rss_service.go:174.3,174.23 1 0
ai-rss-reader/internal/service/rss_service.go:174.23,176.4 1 0
ai-rss-reader/internal/service/rss_service.go:178.2,178.16 1 0
ai-rss-reader/internal/service/rss_service.go:182.37,183.16 1 1
ai-rss-reader/internal/service/rss_service.go:183.16,185.3 1 1
ai-rss-reader/internal/service/rss_service.go:186.2,192.41 2 1
ai-rss-reader/internal/service/rss_service.go:195.54,197.2 1 0
ai-rss-reader/internal/service/rss_service.go:199.56,201.2 1 0
ai-rss-reader/internal/service/rss_service.go:203.60,205.2 1 0
ai-rss-reader/internal/service/rss_service.go:207.62,209.2 1 0
ai-rss-reader/internal/service/rss_service.go:211.58,213.2 1 0
ai-rss-reader/internal/service/rss_service.go:215.49,217.2 1 0
ai-rss-reader/internal/service/rss_service.go:219.70,221.2 1 0
ai-rss-reader/internal/service/rss_service.go:223.112,224.16 1 0
ai-rss-reader/internal/service/rss_service.go:224.16,226.3 1 0
ai-rss-reader/internal/service/rss_service.go:227.2,227.56 1 0
ai-rss-reader/internal/service/rss_service.go:230.68,232.2 1 0
ai-rss-reader/internal/service/rss_service.go:234.88,236.2 1 0
ai-rss-reader/internal/service/rss_service.go:240.72,242.16 2 0
ai-rss-reader/internal/service/rss_service.go:242.16,244.3 1 0
ai-rss-reader/internal/service/rss_service.go:245.2,245.24 1 0
ai-rss-reader/internal/service/rss_service.go:245.24,247.3 1 0
ai-rss-reader/internal/service/rss_service.go:248.2,249.16 2 0
ai-rss-reader/internal/service/rss_service.go:249.16,251.3 1 0
ai-rss-reader/internal/service/rss_service.go:252.2,254.54 3 0
ai-rss-reader/internal/service/rss_service.go:254.54,256.3 1 0
ai-rss-reader/internal/service/rss_service.go:257.2,257.21 1 0
ai-rss-reader/internal/service/rss_service.go:261.39,263.17 2 0
ai-rss-reader/internal/service/rss_service.go:263.17,265.3 1 0
ai-rss-reader/internal/service/rss_service.go:266.2,266.22 1 0
ai-rss-reader/internal/service/rss_service.go:270.33,276.19 5 0
ai-rss-reader/internal/service/rss_service.go:276.19,277.20 1 0
ai-rss-reader/internal/service/rss_service.go:277.20,279.38 1 0
ai-rss-reader/internal/service/rss_service.go:279.38,281.5 1 0
ai-rss-reader/internal/service/rss_service.go:282.4,283.12 2 0
ai-rss-reader/internal/service/rss_service.go:285.3,286.8 2 0
ai-rss-reader/internal/service/rss_service.go:288.2,288.20 1 0
ai-rss-reader/internal/service/summary_service.go:18.42,22.2 1 1
ai-rss-reader/internal/service/summary_service.go:24.83,28.26 3 0
ai-rss-reader/internal/service/summary_service.go:28.26,30.3 1 0
ai-rss-reader/internal/service/summary_service.go:32.2,33.16 2 0
ai-rss-reader/internal/service/summary_service.go:33.16,35.3 1 0
ai-rss-reader/internal/service/summary_service.go:38.2,41.21 3 0
ai-rss-reader/internal/service/summary_service.go:44.85,46.16 2 0
ai-rss-reader/internal/service/summary_service.go:46.16,48.3 1 0
ai-rss-reader/internal/service/summary_service.go:51.2,51.27 1 0
ai-rss-reader/internal/service/summary_service.go:51.27,53.3 1 0
ai-rss-reader/internal/service/summary_service.go:55.2,56.16 2 0
ai-rss-reader/internal/service/summary_service.go:56.16,60.17 3 0
ai-rss-reader/internal/service/summary_service.go:60.17,62.4 1 0
ai-rss-reader/internal/service/summary_service.go:63.3,63.28 1 0
ai-rss-reader/internal/service/summary_service.go:63.28,65.4 1 0
ai-rss-reader/internal/service/summary_service.go:66.3,67.17 2 0
ai-rss-reader/internal/service/summary_service.go:67.17,69.4 1 0
ai-rss-reader/internal/service/summary_service.go:71.2,71.21 1 0
ai-rss-reader/internal/service/summary_service.go:74.92,75.26 1 1
ai-rss-reader/internal/service/summary_service.go:75.26,77.3 1 1
ai-rss-reader/internal/service/summary_service.go:78.2,78.22 1 0
ai-rss-reader/internal/service/summary_service.go:78.22,80.3 1 0
ai-rss-reader/internal/service/summary_service.go:82.2,87.32 5 0
ai-rss-reader/internal/service/summary_service.go:87.32,89.28 2 0
ai-rss-reader/internal/service/summary_service.go:89.28,90.17 1 0
ai-rss-reader/internal/service/summary_service.go:90.17,93.33 3 0
ai-rss-reader/internal/service/summary_service.go:93.33,95.6 1 0
ai-rss-reader/internal/service/summary_service.go:98.4,99.18 2 0
ai-rss-reader/internal/service/summary_service.go:99.18,104.5 4 0
ai-rss-reader/internal/service/summary_service.go:107.2,109.19 2 0
ai-rss-reader/internal/service/summary_service.go:109.19,111.3 1 0
ai-rss-reader/internal/service/summary_service.go:112.2,112.12 1 0
ai-rss-reader/internal/service/summary_service.go:115.73,120.2 3 1
ai-rss-reader/internal/fetch/fetch.go:19.28,22.70 1 1
ai-rss-reader/internal/fetch/fetch.go:22.70,24.5 1 0
ai-rss-reader/internal/fetch/fetch.go:32.64,34.16 2 1
ai-rss-reader/internal/fetch/fetch.go:34.16,36.3 1 0
ai-rss-reader/internal/fetch/fetch.go:37.2,41.16 4 1
ai-rss-reader/internal/fetch/fetch.go:41.16,43.3 1 1
ai-rss-reader/internal/fetch/fetch.go:44.2,46.52 2 1
ai-rss-reader/internal/fetch/fetch.go:46.52,48.3 1 1
ai-rss-reader/internal/fetch/fetch.go:50.2,51.44 2 1
ai-rss-reader/internal/fetch/fetch.go:51.44,53.3 1 1
ai-rss-reader/internal/fetch/fetch.go:56.2,58.16 3 1
ai-rss-reader/internal/fetch/fetch.go:58.16,60.3 1 0
ai-rss-reader/internal/fetch/fetch.go:62.2,63.16 2 1
ai-rss-reader/internal/fetch/fetch.go:63.16,65.3 1 0
ai-rss-reader/internal/fetch/fetch.go:68.2,69.58 2 1
ai-rss-reader/internal/fetch/fetch.go:69.58,71.3 1 1
ai-rss-reader/internal/fetch/fetch.go:74.2,76.21 2 1
ai-rss-reader/internal/fetch/fetch.go:80.64,97.32 2 1
ai-rss-reader/internal/fetch/fetch.go:97.32,99.23 2 1
ai-rss-reader/internal/fetch/fetch.go:99.23,100.12 1 1
ai-rss-reader/internal/fetch/fetch.go:102.3,103.22 2 1
ai-rss-reader/internal/fetch/fetch.go:103.22,105.4 1 0
ai-rss-reader/internal/fetch/fetch.go:109.2,109.51 1 1
ai-rss-reader/internal/ai/provider.go:49.48,50.39 1 1
ai-rss-reader/internal/ai/provider.go:51.16,56.4 1 1
ai-rss-reader/internal/ai/provider.go:57.16,61.4 1 1
ai-rss-reader/internal/ai/provider.go:62.10,68.4 1 1
ai-rss-reader/internal/ai/provider.go:72.38,73.28 1 1
ai-rss-reader/internal/ai/provider.go:73.28,80.3 1 1
ai-rss-reader/internal/ai/provider.go:81.2,81.24 1 1
ai-rss-reader/internal/ai/provider.go:84.74,98.16 5 1
ai-rss-reader/internal/ai/provider.go:98.16,100.3 1 0
ai-rss-reader/internal/ai/provider.go:102.2,103.16 2 1
ai-rss-reader/internal/ai/provider.go:103.16,105.3 1 0
ai-rss-reader/internal/ai/provider.go:107.2,112.16 5 1
ai-rss-reader/internal/ai/provider.go:112.16,114.3 1 0
ai-rss-reader/internal/ai/provider.go:115.2,118.16 3 1
ai-rss-reader/internal/ai/provider.go:118.16,120.3 1 0
ai-rss-reader/internal/ai/provider.go:122.2,123.54 2 1
ai-rss-reader/internal/ai/provider.go:123.54,125.3 1 0
ai-rss-reader/internal/ai/provider.go:127.2,127.78 1 1
ai-rss-reader/internal/ai/provider.go:127.78,128.60 1 1
ai-rss-reader/internal/ai/provider.go:128.60,129.65 1 1
ai-rss-reader/internal/ai/provider.go:129.65,130.51 1 1
ai-rss-reader/internal/ai/provider.go:130.51,132.6 1 1
ai-rss-reader/internal/ai/provider.go:137.2,137.53 1 1
ai-rss-reader/internal/ai/provider.go:140.86,154.16 5 1
ai-rss-reader/internal/ai/provider.go:154.16,156.3 1 0
ai-rss-reader/internal/ai/provider.go:158.2,159.16 2 1
ai-rss-reader/internal/ai/provider.go:159.16,161.3 1 0
ai-rss-reader/internal/ai/provider.go:163.2,168.16 5 1
ai-rss-reader/internal/ai/provider.go:168.16,170.3 1 0
ai-rss-reader/internal/ai/provider.go:171.2,174.16 3 1
ai-rss-reader/internal/ai/provider.go:174.16,176.3 1 0
ai-rss-reader/internal/ai/provider.go:178.2,179.54 2 1
ai-rss-reader/internal/ai/provider.go:179.54,181.3 1 0
ai-rss-reader/internal/ai/provider.go:183.2,183.78 1 1
ai-rss-reader/internal/ai/provider.go:183.78,184.60 1 1
ai-rss-reader/internal/ai/provider.go:184.60,185.65 1 1
ai-rss-reader/internal/ai/provider.go:185.65,186.51 1 1
ai-rss-reader/internal/ai/provider.go:186.51,189.6 2 1
ai-rss-reader/internal/ai/provider.go:194.2,194.56 1 1
ai-rss-reader/internal/ai/provider.go:197.71,204.16 3 1
ai-rss-reader/internal/ai/provider.go:204.16,206.3 1 0
ai-rss-reader/internal/ai/provider.go:208.2,209.16 2 1
ai-rss-reader/internal/ai/provider.go:209.16,211.3 1 0
ai-rss-reader/internal/ai/provider.go:213.2,218.16 5 1
ai-rss-reader/internal/ai/provider.go:218.16,220.3 1 0
ai-rss-reader/internal/ai/provider.go:221.2,224.16 3 1
ai-rss-reader/internal/ai/provider.go:224.16,226.3 1 0
ai-rss-reader/internal/ai/provider.go:228.2,233.54 2 1
ai-rss-reader/internal/ai/provider.go:233.54,235.3 1 0
ai-rss-reader/internal/ai/provider.go:237.2,237.27 1 1
ai-rss-reader/internal/ai/provider.go:237.27,239.3 1 1
ai-rss-reader/internal/ai/provider.go:241.2,241.38 1 1
ai-rss-reader/internal/ai/provider.go:244.74,258.16 5 1
ai-rss-reader/internal/ai/provider.go:258.16,260.3 1 0
ai-rss-reader/internal/ai/provider.go:262.2,263.16 2 1
ai-rss-reader/internal/ai/provider.go:263.16,265.3 1 0
ai-rss-reader/internal/ai/provider.go:267.2,273.16 6 1
ai-rss-reader/internal/ai/provider.go:273.16,275.3 1 0
ai-rss-reader/internal/ai/provider.go:276.2,279.16 3 1
ai-rss-reader/internal/ai/provider.go:279.16,281.3 1 0
ai-rss-reader/internal/ai/provider.go:283.2,284.54 2 1
ai-rss-reader/internal/ai/provider.go:284.54,286.3 1 0
ai-rss-reader/internal/ai/provider.go:288.2,288.78 1 1
ai-rss-reader/internal/ai/provider.go:288.78,289.59 1 1
ai-rss-reader/internal/ai/provider.go:289.59,290.46 1 1
ai-rss-reader/internal/ai/provider.go:290.46,292.5 1 1
ai-rss-reader/internal/ai/provider.go:296.2,296.53 1 0
ai-rss-reader/internal/ai/provider.go:299.86,313.16 5 1
ai-rss-reader/internal/ai/provider.go:313.16,315.3 1 0
ai-rss-reader/internal/ai/provider.go:317.2,318.16 2 1
ai-rss-reader/internal/ai/provider.go:318.16,320.3 1 0
ai-rss-reader/internal/ai/provider.go:322.2,328.16 6 1
ai-rss-reader/internal/ai/provider.go:328.16,330.3 1 0
ai-rss-reader/internal/ai/provider.go:331.2,334.16 3 1
ai-rss-reader/internal/ai/provider.go:334.16,336.3 1 0
ai-rss-reader/internal/ai/provider.go:338.2,339.54 2 1
ai-rss-reader/internal/ai/provider.go:339.54,341.3 1 0
ai-rss-reader/internal/ai/provider.go:343.2,343.78 1 1
ai-rss-reader/internal/ai/provider.go:343.78,344.59 1 0
ai-rss-reader/internal/ai/provider.go:344.59,345.46 1 0
ai-rss-reader/internal/ai/provider.go:345.46,348.5 2 0
ai-rss-reader/internal/ai/provider.go:352.2,352.56 1 1
ai-rss-reader/internal/ai/provider.go:355.71,362.16 3 1
ai-rss-reader/internal/ai/provider.go:362.16,364.3 1 0
ai-rss-reader/internal/ai/provider.go:366.2,367.16 2 1
ai-rss-reader/internal/ai/provider.go:367.16,369.3 1 0
ai-rss-reader/internal/ai/provider.go:371.2,377.16 6 1
ai-rss-reader/internal/ai/provider.go:377.16,379.3 1 0
ai-rss-reader/internal/ai/provider.go:380.2,383.16 3 1
ai-rss-reader/internal/ai/provider.go:383.16,385.3 1 0
ai-rss-reader/internal/ai/provider.go:387.2,392.54 2 1
ai-rss-reader/internal/ai/provider.go:392.54,394.3 1 0
ai-rss-reader/internal/ai/provider.go:396.2,396.27 1 1
ai-rss-reader/internal/ai/provider.go:396.27,398.3 1 0
ai-rss-reader/internal/ai/provider.go:400.2,400.38 1 1
ai-rss-reader/internal/ai/provider.go:403.74,415.16 5 1
ai-rss-reader/internal/ai/provider.go:415.16,417.3 1 0
ai-rss-reader/internal/ai/provider.go:419.2,420.16 2 1
ai-rss-reader/internal/ai/provider.go:420.16,422.3 1 0
ai-rss-reader/internal/ai/provider.go:424.2,428.16 4 1
ai-rss-reader/internal/ai/provider.go:428.16,430.3 1 0
ai-rss-reader/internal/ai/provider.go:431.2,434.16 3 1
ai-rss-reader/internal/ai/provider.go:434.16,436.3 1 0
ai-rss-reader/internal/ai/provider.go:438.2,439.54 2 1
ai-rss-reader/internal/ai/provider.go:439.54,441.3 1 0
ai-rss-reader/internal/ai/provider.go:443.2,443.53 1 1
ai-rss-reader/internal/ai/provider.go:443.53,445.3 1 1
ai-rss-reader/internal/ai/provider.go:447.2,447.53 1 1
ai-rss-reader/internal/ai/provider.go:450.86,462.16 5 1
ai-rss-reader/internal/ai/provider.go:462.16,464.3 1 0
ai-rss-reader/internal/ai/provider.go:466.2,467.16 2 1
ai-rss-reader/internal/ai/provider.go:467.16,469.3 1 0
ai-rss-reader/internal/ai/provider.go:471.2,475.16 4 1
ai-rss-reader/internal/ai/provider.go:475.16,477.3 1 0
ai-rss-reader/internal/ai/provider.go:478.2,481.16 3 1
ai-rss-reader/internal/ai/provider.go:481.16,483.3 1 0
ai-rss-reader/internal/ai/provider.go:485.2,486.54 2 1
ai-rss-reader/internal/ai/provider.go:486.54,488.3 1 0
ai-rss-reader/internal/ai/provider.go:490.2,490.53 1 1
ai-rss-reader/internal/ai/provider.go:490.53,493.3 2 1
ai-rss-reader/internal/ai/provider.go:495.2,495.56 1 0
ai-rss-reader/internal/ai/provider.go:498.71,505.16 3 1
ai-rss-reader/internal/ai/provider.go:505.16,507.3 1 0
ai-rss-reader/internal/ai/provider.go:509.2,510.16 2 1
ai-rss-reader/internal/ai/provider.go:510.16,512.3 1 0
ai-rss-reader/internal/ai/provider.go:514.2,518.16 4 1
ai-rss-reader/internal/ai/provider.go:518.16,520.3 1 0
ai-rss-reader/internal/ai/provider.go:521.2,524.16 3 1
ai-rss-reader/internal/ai/provider.go:524.16,526.3 1 0
ai-rss-reader/internal/ai/provider.go:528.2,531.54 2 1
ai-rss-reader/internal/ai/provider.go:531.54,533.3 1 0
ai-rss-reader/internal/ai/provider.go:535.2,535.67 1 1
ai-rss-reader/internal/ai/provider.go:535.67,537.3 1 1
ai-rss-reader/internal/ai/provider.go:539.2,539.34 1 1
